[debug] [2023-01-10T04:41:21.158Z] ----------------------------------------------------------------------
[debug] [2023-01-10T04:41:21.159Z] Command:       /usr/local/bin/firebase /Users/colinwilson/.cache/firebase/tools/lib/node_modules/firebase-tools/lib/bin/firebase init
[debug] [2023-01-10T04:41:21.159Z] CLI Version:   11.20.0
[debug] [2023-01-10T04:41:21.159Z] Platform:      darwin
[debug] [2023-01-10T04:41:21.160Z] Node Version:  v16.16.0
[debug] [2023-01-10T04:41:21.167Z] Time:          Mon Jan 09 2023 23:41:21 GMT-0500 (Eastern Standard Time)
[debug] [2023-01-10T04:41:21.167Z] ----------------------------------------------------------------------
[debug] 
[debug] [2023-01-10T04:41:21.176Z] > command requires scopes: ["email","openid","https://www.googleapis.com/auth/cloudplatformprojects.readonly","https://www.googleapis.com/auth/firebase","https://www.googleapis.com/auth/cloud-platform"]
[debug] [2023-01-10T04:41:21.177Z] > authorizing via signed-in user (nanosplitter21@gmail.com)
[info] 
     ######## #### ########  ######## ########     ###     ######  ########
     ##        ##  ##     ## ##       ##     ##  ##   ##  ##       ##
     ######    ##  ########  ######   ########  #########  ######  ######
     ##        ##  ##    ##  ##       ##     ## ##     ##       ## ##
     ##       #### ##     ## ######## ########  ##     ##  ######  ########

You're about to initialize a Firebase project in this directory:

  /Users/colinwilson/Documents/GitHub/every-recipie

[info] 
=== Project Setup
[info] 
[info] First, let's associate this project directory with a Firebase project.
[info] You can create multiple project aliases by running firebase use --add, 
[info] but for now we'll just set up a default project.
[info] 
[debug] [2023-01-10T04:41:50.636Z] >>> [apiv2][query] GET https://firebase.googleapis.com/v1beta1/projects pageSize=100
[debug] [2023-01-10T04:41:51.106Z] <<< [apiv2][status] GET https://firebase.googleapis.com/v1beta1/projects 200
[debug] [2023-01-10T04:41:51.107Z] <<< [apiv2][body] GET https://firebase.googleapis.com/v1beta1/projects [omitted]
[info] i  Using project every-recipe-e90c2 (every-recipe) 
[info] 
=== Functions Setup
[debug] [2023-01-10T04:41:54.838Z] > command requires scopes: ["email","openid","https://www.googleapis.com/auth/cloudplatformprojects.readonly","https://www.googleapis.com/auth/firebase","https://www.googleapis.com/auth/cloud-platform"]
[debug] [2023-01-10T04:41:54.839Z] > authorizing via signed-in user (nanosplitter21@gmail.com)
[debug] [2023-01-10T04:41:54.839Z] [iam] checking project every-recipe-e90c2 for permissions ["firebase.projects.get"]
[debug] [2023-01-10T04:41:54.840Z] >>> [apiv2][query] POST https://cloudresourcemanager.googleapis.com/v1/projects/every-recipe-e90c2:testIamPermissions [none]
[debug] [2023-01-10T04:41:54.840Z] >>> [apiv2][(partial)header] POST https://cloudresourcemanager.googleapis.com/v1/projects/every-recipe-e90c2:testIamPermissions x-goog-quota-user=projects/every-recipe-e90c2
[debug] [2023-01-10T04:41:54.840Z] >>> [apiv2][body] POST https://cloudresourcemanager.googleapis.com/v1/projects/every-recipe-e90c2:testIamPermissions {"permissions":["firebase.projects.get"]}
[debug] [2023-01-10T04:41:55.037Z] <<< [apiv2][status] POST https://cloudresourcemanager.googleapis.com/v1/projects/every-recipe-e90c2:testIamPermissions 200
[debug] [2023-01-10T04:41:55.038Z] <<< [apiv2][body] POST https://cloudresourcemanager.googleapis.com/v1/projects/every-recipe-e90c2:testIamPermissions {"permissions":["firebase.projects.get"]}
[debug] [2023-01-10T04:41:55.041Z] >>> [apiv2][query] GET https://serviceusage.googleapis.com/v1/projects/every-recipe-e90c2/services/cloudfunctions.googleapis.com [none]
[debug] [2023-01-10T04:41:55.041Z] >>> [apiv2][(partial)header] GET https://serviceusage.googleapis.com/v1/projects/every-recipe-e90c2/services/cloudfunctions.googleapis.com x-goog-quota-user=projects/every-recipe-e90c2
[debug] [2023-01-10T04:41:55.051Z] >>> [apiv2][query] GET https://serviceusage.googleapis.com/v1/projects/every-recipe-e90c2/services/runtimeconfig.googleapis.com [none]
[debug] [2023-01-10T04:41:55.052Z] >>> [apiv2][(partial)header] GET https://serviceusage.googleapis.com/v1/projects/every-recipe-e90c2/services/runtimeconfig.googleapis.com x-goog-quota-user=projects/every-recipe-e90c2
[debug] [2023-01-10T04:41:55.456Z] <<< [apiv2][status] GET https://serviceusage.googleapis.com/v1/projects/every-recipe-e90c2/services/cloudfunctions.googleapis.com 200
[debug] [2023-01-10T04:41:55.457Z] <<< [apiv2][body] GET https://serviceusage.googleapis.com/v1/projects/every-recipe-e90c2/services/cloudfunctions.googleapis.com [omitted]
[debug] [2023-01-10T04:41:55.459Z] >>> [apiv2][query] POST https://serviceusage.googleapis.com/v1/projects/every-recipe-e90c2/services/cloudfunctions.googleapis.com:enable [none]
[debug] [2023-01-10T04:41:55.460Z] >>> [apiv2][(partial)header] POST https://serviceusage.googleapis.com/v1/projects/every-recipe-e90c2/services/cloudfunctions.googleapis.com:enable x-goog-quota-user=projects/every-recipe-e90c2
[debug] [2023-01-10T04:41:55.478Z] <<< [apiv2][status] GET https://serviceusage.googleapis.com/v1/projects/every-recipe-e90c2/services/runtimeconfig.googleapis.com 200
[debug] [2023-01-10T04:41:55.479Z] <<< [apiv2][body] GET https://serviceusage.googleapis.com/v1/projects/every-recipe-e90c2/services/runtimeconfig.googleapis.com [omitted]
[debug] [2023-01-10T04:41:55.987Z] <<< [apiv2][status] POST https://serviceusage.googleapis.com/v1/projects/every-recipe-e90c2/services/cloudfunctions.googleapis.com:enable 200
[debug] [2023-01-10T04:41:55.990Z] <<< [apiv2][body] POST https://serviceusage.googleapis.com/v1/projects/every-recipe-e90c2/services/cloudfunctions.googleapis.com:enable [omitted]
[debug] [2023-01-10T04:42:05.996Z] >>> [apiv2][query] GET https://serviceusage.googleapis.com/v1/projects/every-recipe-e90c2/services/cloudfunctions.googleapis.com [none]
[debug] [2023-01-10T04:42:05.999Z] >>> [apiv2][(partial)header] GET https://serviceusage.googleapis.com/v1/projects/every-recipe-e90c2/services/cloudfunctions.googleapis.com x-goog-quota-user=projects/every-recipe-e90c2
[debug] [2023-01-10T04:42:06.353Z] <<< [apiv2][status] GET https://serviceusage.googleapis.com/v1/projects/every-recipe-e90c2/services/cloudfunctions.googleapis.com 200
[debug] [2023-01-10T04:42:06.354Z] <<< [apiv2][body] GET https://serviceusage.googleapis.com/v1/projects/every-recipe-e90c2/services/cloudfunctions.googleapis.com [omitted]
[info] Let's create a new codebase for your functions.
[info] A directory corresponding to the codebase will be created in your project
[info] with sample code pre-configured.

[info] See https://firebase.google.com/docs/functions/organize-functions for
[info] more information on organizing your functions using codebases.

[info] Functions can be deployed with firebase deploy.

[info] ✔  Wrote functions/package.json 
[info] ✔  Wrote functions/index.js 
[info] ✔  Wrote functions/.gitignore 
[info] 
=== Hosting Setup
[info] 
[info] Your public directory is the folder (relative to your project directory) that
[info] will contain Hosting assets to be uploaded with firebase deploy. If you
[info] have a build process for your assets, use your build's output directory.
[info] 
[info] ✔  Wrote public/404.html 
[debug] [2023-01-10T04:43:42.718Z] >>> [apiv2][query] GET https://www.gstatic.com/firebasejs/releases.json [none]
[debug] [2023-01-10T04:43:42.842Z] <<< [apiv2][status] GET https://www.gstatic.com/firebasejs/releases.json 200
[debug] [2023-01-10T04:43:42.843Z] <<< [apiv2][body] GET https://www.gstatic.com/firebasejs/releases.json {"current":{"version":"9.15.0","browserURL":"https://www.gstatic.com/firebasejs/9.15.0/firebase.js","packageURL":"https://www.gstatic.com/firebasejs/9.15.0/firebase.tgz"},"live":{"version":"9.15","browserURL":"https://www.gstatic.com/firebasejs/live/9.15/firebase.js","packageURL":"https://www.gstatic.com/firebasejs/live/9.15/firebase.tgz"},"components":{"analytics":"https://www.gstatic.com/firebasejs/9.15.0/firebase-analytics.js","app":"https://www.gstatic.com/firebasejs/9.15.0/firebase-app.js","app-check":"https://www.gstatic.com/firebasejs/9.15.0/firebase-app-check.js","auth":"https://www.gstatic.com/firebasejs/9.15.0/firebase-auth.js","auth/cordova":"https://www.gstatic.com/firebasejs/9.15.0/firebase-auth/cordova.js","auth/react-native":"https://www.gstatic.com/firebasejs/9.15.0/firebase-auth/react-native.js","functions":"https://www.gstatic.com/firebasejs/9.15.0/firebase-functions.js","firestore":"https://www.gstatic.com/firebasejs/9.15.0/firebase-firestore.js","firestore/lite":"https://www.gstatic.com/firebasejs/9.15.0/firebase-firestore/lite.js","installations":"https://www.gstatic.com/firebasejs/9.15.0/firebase-installations.js","storage":"https://www.gstatic.com/firebasejs/9.15.0/firebase-storage.js","performance":"https://www.gstatic.com/firebasejs/9.15.0/firebase-performance.js","remote-config":"https://www.gstatic.com/firebasejs/9.15.0/firebase-remote-config.js","messaging":"https://www.gstatic.com/firebasejs/9.15.0/firebase-messaging.js","messaging/sw":"https://www.gstatic.com/firebasejs/9.15.0/firebase-messaging/sw.js","database":"https://www.gstatic.com/firebasejs/9.15.0/firebase-database.js","firestore.memory":"https://www.gstatic.com/firebasejs/9.15.0/firebase-firestore.memory.js"}}
[info] ✔  Wrote public/index.html 
[info] 
[info] i  Detected a .git folder at /Users/colinwilson/Documents/GitHub/every-recipie 
[info] i  Authorizing with GitHub to upload your service account to a GitHub repository's secrets store. 
[info] 
[info] Visit this URL on this device to log in:
[info] https://github.com/login/oauth/authorize?client_id=89cf50f02ac6aaed3484&state=539311890&redirect_uri=http%3A%2F%2Flocalhost%3A9005&scope=read%3Auser%20repo%20public_repo
[info] 
[info] Waiting for authentication...
[debug] [2023-01-10T04:43:46.621Z] >>> [apiv2][query] POST https://github.com/login/oauth/access_token [none]
[debug] [2023-01-10T04:43:46.622Z] >>> [apiv2][body] POST https://github.com/login/oauth/access_token [stream]
[debug] [2023-01-10T04:43:46.891Z] <<< [apiv2][status] POST https://github.com/login/oauth/access_token 200
[debug] [2023-01-10T04:43:46.891Z] <<< [apiv2][body] POST https://github.com/login/oauth/access_token {"access_token":"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","token_type":"bearer","scope":"read:user,repo"}
[debug] [2023-01-10T04:43:46.905Z] >>> [apiv2][query] GET https://api.github.com/user [none]
[debug] [2023-01-10T04:43:47.185Z] <<< [apiv2][status] GET https://api.github.com/user 200
[debug] [2023-01-10T04:43:47.185Z] <<< [apiv2][body] GET https://api.github.com/user {"login":"Nanosplitter","id":22625481,"node_id":"MDQ6VXNlcjIyNjI1NDgx","avatar_url":"https://avatars.githubusercontent.com/u/22625481?v=4","gravatar_id":"","url":"https://api.github.com/users/Nanosplitter","html_url":"https://github.com/Nanosplitter","followers_url":"https://api.github.com/users/Nanosplitter/followers","following_url":"https://api.github.com/users/Nanosplitter/following{/other_user}","gists_url":"https://api.github.com/users/Nanosplitter/gists{/gist_id}","starred_url":"https://api.github.com/users/Nanosplitter/starred{/owner}{/repo}","subscriptions_url":"https://api.github.com/users/Nanosplitter/subscriptions","organizations_url":"https://api.github.com/users/Nanosplitter/orgs","repos_url":"https://api.github.com/users/Nanosplitter/repos","events_url":"https://api.github.com/users/Nanosplitter/events{/privacy}","received_events_url":"https://api.github.com/users/Nanosplitter/received_events","type":"User","site_admin":false,"name":"Colin Wilson","company":"Ford","blog":"colinwilson.dev","location":null,"email":"github@colinwilson.dev","hireable":null,"bio":"Software Engineer at Ford Motor Company","twitter_username":null,"public_repos":46,"public_gists":0,"followers":8,"following":2,"created_at":"2016-10-04T20:46:19Z","updated_at":"2023-01-10T04:43:46Z","private_gists":0,"total_private_repos":12,"owned_private_repos":12,"disk_usage":251332,"collaborators":3,"two_factor_authentication":false,"plan":{"name":"free","space":976562499,"collaborators":0,"private_repos":10000}}
[info] 
[info] ✔  Success! Logged into GitHub as Nanosplitter 
[info] 
